Warning at line 27 in user-defined function section "PassingRawDataToMilkRunModel".
The unit [] of parameter "P_EarliestArrivalTime" is not commensurate with the unit [day] of its "assigned value".
Warning at line 32 in user-defined function section "PassingRawDataToMilkRunModel".
The units associated with the expression 
(( P_RawLatestDeliveryDateInSalesOrderVx(rawindex) - P_RawPlanningHorizonStartDate ) * 24)[day]
, and with the expression 
(24)[]
 are not commensurate.
Warning at line 32 in user-defined function section "PassingRawDataToMilkRunModel".
The unit [] of parameter "P_LatestDepartureTime" is not commensurate with the unit [day] of its "assigned value".
Warning at line 79 in user-defined function section "PassingRawDataToMilkRunModel".
The unit [] of parameter "P_EarliestArrivalTime" is not commensurate with the unit [day] of its "assigned value".
Warning at line 84 in user-defined function section "PassingRawDataToMilkRunModel".
The units associated with the expression 
(( P_RawRxPreferredDeliveryEndDateInSalesOrder(rawindex) - P_RawPlanningHorizonStartDate ) * 24)[day]
, and with the expression 
(24)[]
 are not commensurate.
Warning at line 84 in user-defined function section "PassingRawDataToMilkRunModel".
The unit [] of parameter "P_LatestDepartureTime" is not commensurate with the unit [day] of its "assigned value".
Warning at line 32 in user-defined function section "PassingRawDataToMilkRunSubModel".
The unit [] of parameter "P_EarliestArrivalTime" is not commensurate with the unit [day] of its "assigned value".
Warning at line 37 in user-defined function section "PassingRawDataToMilkRunSubModel".
The units associated with the expression 
(( P_RawLatestDeliveryDateInSalesOrderVx(rawindex) - P_RawPlanningHorizonStartDate ) * 24)[day]
, and with the expression 
(24)[]
 are not commensurate.
Warning at line 37 in user-defined function section "PassingRawDataToMilkRunSubModel".
The unit [] of parameter "P_LatestDepartureTime" is not commensurate with the unit [day] of its "assigned value".
Warning at line 87 in user-defined function section "PassingRawDataToMilkRunSubModel".
The unit [] of parameter "P_EarliestArrivalTime" is not commensurate with the unit [day] of its "assigned value".
Warning at line 92 in user-defined function section "PassingRawDataToMilkRunSubModel".
The units associated with the expression 
(( P_RawRxPreferredDeliveryEndDateInSalesOrder(rawindex) - P_RawPlanningHorizonStartDate ) * 24)[day]
, and with the expression 
(24)[]
 are not commensurate.
Warning at line 92 in user-defined function section "PassingRawDataToMilkRunSubModel".
The unit [] of parameter "P_LatestDepartureTime" is not commensurate with the unit [day] of its "assigned value".
Warning at line 27 in user-defined function section "PassingRawDataToLocalDeliveryModel".
The unit [] of parameter "P_EarliestArrivalTime" is not commensurate with the unit [day] of its "assigned value".
Warning at line 32 in user-defined function section "PassingRawDataToLocalDeliveryModel".
The units associated with the expression (P_RawLatestDeliveryDateInSalesOrderVx(rawindex) - P_RawLocalDeliveryStartDate)[day], and with the expression (1)[] are not commensurate.
Warning at line 32 in user-defined function section "PassingRawDataToLocalDeliveryModel".
The unit [] of parameter "P_LatestDepartureTime" is not commensurate with the unit [day] of its "assigned value".
Warning at line 69 in user-defined function section "PassingRawDataToLocalDeliveryModel".
The unit [] of parameter "P_EarliestArrivalTime" is not commensurate with the unit [day] of its "assigned value".
Warning at line 74 in user-defined function section "PassingRawDataToLocalDeliveryModel".
The units associated with the expression 
(P_RawRxPreferredDeliveryEndDateInSalesOrder(rawindex) - P_RawLocalDeliveryStartDate)[day]
, and with the expression 
(1)[]
 are not commensurate.
Warning at line 74 in user-defined function section "PassingRawDataToLocalDeliveryModel".
The unit [] of parameter "P_LatestDepartureTime" is not commensurate with the unit [day] of its "assigned value".
Input/output error at line 2 in user-defined function section "webui::PROIsInitialized", column 3.
The user function library \x64\AimmsPROClient.dll cannot be found.
Input/output error at line 2 in user-defined function section "webui::PROIsInitialized", column 3.
The library \x64\AimmsPROClient.dll has not been loaded because: Error loading library : The parameter is incorrect.
Execution error at line 2 in user-defined function section "webui::PROIsInitialized".
The dll for external procedure "pro::management::IsInitialized" has not been found.
Input/output error at line 2 in user-defined function section "webui::PROIsInitialized", column 62.
The user function library \x64\AimmsPROClient.dll cannot be found.
Input/output error at line 2 in user-defined function section "webui::PROIsInitialized", column 62.
The library \x64\AimmsPROClient.dll has not been loaded because: Error loading library : The parameter is incorrect.
Execution error at line 2 in user-defined function section "webui::PROIsInitialized".
The dll for external procedure "pro::management::IsInitialized" has not been found.
Input/output error at line 2 in user-defined function section "webui::PROIsInitialized", column 62.
The user function library \x64\AimmsPROClient.dll cannot be found.
Input/output error at line 2 in user-defined function section "webui::PROIsInitialized", column 62.
The library \x64\AimmsPROClient.dll has not been loaded because: Error loading library : The parameter is incorrect.
Execution error at line 2 in user-defined function section "webui::PROIsInitialized".
The dll for external procedure "pro::management::IsInitialized" has not been found.
Input/output error at line 2 in user-defined function section "webui::PROIsInitialized", column 62.
The user function library \x64\AimmsPROClient.dll cannot be found.
Input/output error at line 2 in user-defined function section "webui::PROIsInitialized", column 62.
The library \x64\AimmsPROClient.dll has not been loaded because: Error loading library : The parameter is incorrect.
Execution error at line 2 in user-defined function section "webui::PROIsInitialized".
The dll for external procedure "pro::management::IsInitialized" has not been found.
Input/output error at line 2 in user-defined function section "webui::PROIsInitialized", column 62.
The user function library \x64\AimmsPROClient.dll cannot be found.
Input/output error at line 2 in user-defined function section "webui::PROIsInitialized", column 62.
The library \x64\AimmsPROClient.dll has not been loaded because: Error loading library : The parameter is incorrect.
Execution error at line 2 in user-defined function section "webui::PROIsInitialized".
The dll for external procedure "pro::management::IsInitialized" has not been found.
A DataChangeMonitor with ID DataChangeMonitor001 does not exist.
Input/output error at line 7 in user-defined function section "pro::LibraryTermination", column 7.
The user function library \x64\AimmsPROClient.dll cannot be found.
Input/output error at line 7 in user-defined function section "pro::LibraryTermination", column 7.
The library \x64\AimmsPROClient.dll has not been loaded because: Error loading library : The parameter is incorrect.
Execution error at line 7 in user-defined function section "pro::LibraryTermination".
The dll for external procedure "pro::management::IsInitialized" has not been found.
Execution error at line 7 in user-defined function section "pro::LibraryTermination".
The special value "undf" cannot be used in the condition IsInitialized() of a flow control statement.
